<?xml version="1.0" encoding="UTF-8"?>
<!-- Generated by org.testng.reporters.JUnitReportReporter -->
<testsuite hostname="DESKTOP-KU2KOEA" failures="0" tests="6" name="tests.AddToCartTest" time="119.794" errors="0" timestamp="2022-05-31T11:29:20 EDT" skipped="0">
  <testcase classname="tests.AddToCartTest" name="OpenSearchBox" time="12.196"/>
  <system-out/>
  <testcase classname="tests.AddToCartTest" name="listAllOption" time="15.020"/>
  <system-out/>
  <testcase classname="tests.AddToCartTest" name="openBooksPage" time="18.843"/>
  <system-out/>
  <testcase classname="tests.AddToCartTest" name="clickOnCartPage" time="22.846"/>
  <system-out/>
  <testcase classname="tests.AddToCartTest" name="clickOnAddToCartButton" time="24.419"/>
  <system-out/>
  <testcase classname="tests.AddToCartTest" name="verifyCart" time="26.470"/>
  <system-out/>
</testsuite> <!-- tests.AddToCartTest -->
