<?xml version="1.0" encoding="UTF-8"?>
<!-- Generated by org.testng.reporters.JUnitReportReporter -->
<testsuite hostname="DESKTOP-KU2KOEA" failures="0" tests="1" name="tests.LoginTest" time="28.750" errors="0" timestamp="2022-05-30T14:56:44 EDT" skipped="0">
  <testcase classname="tests.LoginTest" name="OpenSearchBox" time="28.750"/>
  <system-out/>
</testsuite> <!-- tests.LoginTest -->
