<?xml version="1.0" encoding="UTF-8"?>
<!-- Generated by org.testng.reporters.JUnitReportReporter -->
<testsuite hostname="DESKTOP-KU2KOEA" failures="0" tests="1" name="tests.LoginAddToCartTest" time="32.597" errors="0" timestamp="2022-05-31T09:34:02 EDT" skipped="0">
  <testcase classname="tests.LoginAddToCartTest" name="OpenSearchBox" time="32.597"/>
  <system-out/>
</testsuite> <!-- tests.LoginAddToCartTest -->
